2026-03-23 20:29:05,422 - INFO - Initializing Nornir...
2026-03-23 20:29:05,964 - INFO - Total devices to backup: 4
2026-03-23 20:29:05,964 - INFO - Starting configuration backup tasks...
2026-03-23 20:29:05,964 - INFO - Running task 'netdevice_start_conf_backup' with args {} on 4 hosts
2026-03-23 20:29:06,014 - INFO - Connected (version 1.99, client -)
2026-03-23 20:29:06,015 - INFO - Connected (version 1.99, client -)
2026-03-23 20:29:06,151 - INFO - Connected (version 1.99, client DOPRA-1.5)
2026-03-23 20:29:06,160 - INFO - Connected (version 1.99, client DOPRA-1.5)
2026-03-23 20:29:06,379 - INFO - Authentication (password) successful!
2026-03-23 20:29:06,425 - INFO - Authentication (password) failed.
2026-03-23 20:29:06,428 - ERROR - Host 'SW1': task 'netmiko_send_command' failed with traceback:
Traceback (most recent call last):
  File "C:\python\netdevice_test\.venv\lib\site-packages\netmiko\base_connection.py", line 1146, in establish_connection
    self.remote_conn_pre.connect(**ssh_connect_params)
  File "C:\python\netdevice_test\.venv\lib\site-packages\paramiko\client.py", line 483, in connect
    self._auth(
  File "C:\python\netdevice_test\.venv\lib\site-packages\paramiko\client.py", line 814, in _auth
    raise saved_exception
  File "C:\python\netdevice_test\.venv\lib\site-packages\paramiko\client.py", line 801, in _auth
    self._transport.auth_password(username, password)
  File "C:\python\netdevice_test\.venv\lib\site-packages\paramiko\transport.py", line 1632, in auth_password
    return self.auth_handler.wait_for_response(my_event)
  File "C:\python\netdevice_test\.venv\lib\site-packages\paramiko\auth_handler.py", line 263, in wait_for_response
    raise e
paramiko.ssh_exception.AuthenticationException: Authentication failed.

During handling of the above exception, another exception occurred:

Traceback (most recent call last):
  File "C:\python\netdevice_test\.venv\lib\site-packages\nornir\core\task.py", line 98, in start
    r = self.task(self, **self.params)
  File "C:\python\netdevice_test\.venv\lib\site-packages\nornir_netmiko\tasks\netmiko_send_command.py", line 26, in netmiko_send_command
    net_connect = task.host.get_connection(CONNECTION_NAME, task.nornir.config)
  File "C:\python\netdevice_test\.venv\lib\site-packages\nornir\core\inventory.py", line 476, in get_connection
    self.open_connection(
  File "C:\python\netdevice_test\.venv\lib\site-packages\nornir\core\inventory.py", line 528, in open_connection
    conn_obj.open(
  File "C:\python\netdevice_test\.venv\lib\site-packages\nornir_netmiko\connections\netmiko.py", line 59, in open
    connection = ConnectHandler(**parameters)
  File "C:\python\netdevice_test\.venv\lib\site-packages\netmiko\ssh_dispatcher.py", line 460, in ConnectHandler
    return ConnectionClass(*args, **kwargs)
  File "C:\python\netdevice_test\.venv\lib\site-packages\netmiko\base_connection.py", line 495, in __init__
    self._open()
  File "C:\python\netdevice_test\.venv\lib\site-packages\netmiko\base_connection.py", line 500, in _open
    self.establish_connection()
  File "C:\python\netdevice_test\.venv\lib\site-packages\netmiko\base_connection.py", line 1183, in establish_connection
    raise NetmikoAuthenticationException(msg)
netmiko.exceptions.NetmikoAuthenticationException: Authentication to device failed.

Common causes of this problem are:
1. Invalid username and password
2. Incorrect SSH-key file
3. Connecting to the wrong device

Device settings: huawei 192.168.50.13:22


Authentication failed.

2026-03-23 20:29:06,429 - ERROR - Device SW1 - network_error: Subtask: netmiko_send_command (failed)

2026-03-23 20:29:07,078 - INFO - Authentication (password) successful!
2026-03-23 20:29:07,958 - INFO - Authentication (password) successful!
2026-03-23 20:29:16,967 - ERROR - Host 'SW2': task 'netmiko_send_command' failed with traceback:
Traceback (most recent call last):
  File "C:\python\netdevice_test\.venv\lib\site-packages\nornir\core\task.py", line 98, in start
    r = self.task(self, **self.params)
  File "C:\python\netdevice_test\.venv\lib\site-packages\nornir_netmiko\tasks\netmiko_send_command.py", line 32, in netmiko_send_command
    result = net_connect.send_command(command_string, **kwargs)
  File "C:\python\netdevice_test\.venv\lib\site-packages\netmiko\base_connection.py", line 111, in wrapper_decorator
    return_val = func(self, *args, **kwargs)
  File "C:\python\netdevice_test\.venv\lib\site-packages\netmiko\utilities.py", line 667, in wrapper_decorator
    return func(self, *args, **kwargs)
  File "C:\python\netdevice_test\.venv\lib\site-packages\netmiko\base_connection.py", line 1841, in send_command
    raise ReadTimeout(msg)
netmiko.exceptions.ReadTimeout: 
Pattern not detected: '<SW2>' in output.

Things you might try to fix this:
1. Explicitly set your pattern using the expect_string argument.
2. Increase the read_timeout to a larger value.

You can also look at the Netmiko session_log or debug log for more information.



2026-03-23 20:29:16,968 - ERROR - Device SW2 - network_error: Subtask: netmiko_send_command (failed)

2026-03-23 20:29:19,247 - ERROR - Host 'R1': task 'netmiko_send_command' failed with traceback:
Traceback (most recent call last):
  File "C:\python\netdevice_test\.venv\lib\site-packages\nornir\core\task.py", line 98, in start
    r = self.task(self, **self.params)
  File "C:\python\netdevice_test\.venv\lib\site-packages\nornir_netmiko\tasks\netmiko_send_command.py", line 32, in netmiko_send_command
    result = net_connect.send_command(command_string, **kwargs)
  File "C:\python\netdevice_test\.venv\lib\site-packages\netmiko\base_connection.py", line 111, in wrapper_decorator
    return_val = func(self, *args, **kwargs)
  File "C:\python\netdevice_test\.venv\lib\site-packages\netmiko\utilities.py", line 667, in wrapper_decorator
    return func(self, *args, **kwargs)
  File "C:\python\netdevice_test\.venv\lib\site-packages\netmiko\base_connection.py", line 1841, in send_command
    raise ReadTimeout(msg)
netmiko.exceptions.ReadTimeout: 
Pattern not detected: '<R1>' in output.

Things you might try to fix this:
1. Explicitly set your pattern using the expect_string argument.
2. Increase the read_timeout to a larger value.

You can also look at the Netmiko session_log or debug log for more information.



2026-03-23 20:29:19,247 - ERROR - Device R1 - network_error: Subtask: netmiko_send_command (failed)

2026-03-23 20:29:19,428 - ERROR - Host 'R2': task 'netmiko_send_command' failed with traceback:
Traceback (most recent call last):
  File "C:\python\netdevice_test\.venv\lib\site-packages\nornir\core\task.py", line 98, in start
    r = self.task(self, **self.params)
  File "C:\python\netdevice_test\.venv\lib\site-packages\nornir_netmiko\tasks\netmiko_send_command.py", line 32, in netmiko_send_command
    result = net_connect.send_command(command_string, **kwargs)
  File "C:\python\netdevice_test\.venv\lib\site-packages\netmiko\base_connection.py", line 111, in wrapper_decorator
    return_val = func(self, *args, **kwargs)
  File "C:\python\netdevice_test\.venv\lib\site-packages\netmiko\utilities.py", line 667, in wrapper_decorator
    return func(self, *args, **kwargs)
  File "C:\python\netdevice_test\.venv\lib\site-packages\netmiko\base_connection.py", line 1841, in send_command
    raise ReadTimeout(msg)
netmiko.exceptions.ReadTimeout: 
Pattern not detected: '<R2>' in output.

Things you might try to fix this:
1. Explicitly set your pattern using the expect_string argument.
2. Increase the read_timeout to a larger value.

You can also look at the Netmiko session_log or debug log for more information.



2026-03-23 20:29:19,428 - ERROR - Device R2 - network_error: Subtask: netmiko_send_command (failed)

2026-03-23 20:29:19,428 - INFO - Backup tasks completed.
2026-03-23 20:29:19,428 - INFO - Summary: Total devices: 4, Successful: 0, Failed: 4
2026-03-23 20:29:31,979 - INFO - Initializing Nornir...
2026-03-23 20:29:32,499 - INFO - Total devices to backup: 4
2026-03-23 20:29:32,499 - INFO - Starting configuration backup tasks...
2026-03-23 20:29:32,499 - INFO - Running task 'netdevice_start_conf_backup' with args {} on 4 hosts
2026-03-23 20:29:32,552 - INFO - Connected (version 1.99, client -)
2026-03-23 20:29:32,559 - INFO - Connected (version 1.99, client -)
2026-03-23 20:29:32,653 - INFO - Connected (version 1.99, client DOPRA-1.5)
2026-03-23 20:29:32,670 - INFO - Connected (version 1.99, client DOPRA-1.5)
2026-03-23 20:29:32,899 - INFO - Authentication (password) successful!
2026-03-23 20:29:32,963 - INFO - Authentication (password) failed.
2026-03-23 20:29:32,967 - ERROR - Host 'SW1': task 'netmiko_send_command' failed with traceback:
Traceback (most recent call last):
  File "C:\python\netdevice_test\.venv\lib\site-packages\netmiko\base_connection.py", line 1146, in establish_connection
    self.remote_conn_pre.connect(**ssh_connect_params)
  File "C:\python\netdevice_test\.venv\lib\site-packages\paramiko\client.py", line 483, in connect
    self._auth(
  File "C:\python\netdevice_test\.venv\lib\site-packages\paramiko\client.py", line 814, in _auth
    raise saved_exception
  File "C:\python\netdevice_test\.venv\lib\site-packages\paramiko\client.py", line 801, in _auth
    self._transport.auth_password(username, password)
  File "C:\python\netdevice_test\.venv\lib\site-packages\paramiko\transport.py", line 1632, in auth_password
    return self.auth_handler.wait_for_response(my_event)
  File "C:\python\netdevice_test\.venv\lib\site-packages\paramiko\auth_handler.py", line 263, in wait_for_response
    raise e
paramiko.ssh_exception.AuthenticationException: Authentication failed.

During handling of the above exception, another exception occurred:

Traceback (most recent call last):
  File "C:\python\netdevice_test\.venv\lib\site-packages\nornir\core\task.py", line 98, in start
    r = self.task(self, **self.params)
  File "C:\python\netdevice_test\.venv\lib\site-packages\nornir_netmiko\tasks\netmiko_send_command.py", line 26, in netmiko_send_command
    net_connect = task.host.get_connection(CONNECTION_NAME, task.nornir.config)
  File "C:\python\netdevice_test\.venv\lib\site-packages\nornir\core\inventory.py", line 476, in get_connection
    self.open_connection(
  File "C:\python\netdevice_test\.venv\lib\site-packages\nornir\core\inventory.py", line 528, in open_connection
    conn_obj.open(
  File "C:\python\netdevice_test\.venv\lib\site-packages\nornir_netmiko\connections\netmiko.py", line 59, in open
    connection = ConnectHandler(**parameters)
  File "C:\python\netdevice_test\.venv\lib\site-packages\netmiko\ssh_dispatcher.py", line 460, in ConnectHandler
    return ConnectionClass(*args, **kwargs)
  File "C:\python\netdevice_test\.venv\lib\site-packages\netmiko\base_connection.py", line 495, in __init__
    self._open()
  File "C:\python\netdevice_test\.venv\lib\site-packages\netmiko\base_connection.py", line 500, in _open
    self.establish_connection()
  File "C:\python\netdevice_test\.venv\lib\site-packages\netmiko\base_connection.py", line 1183, in establish_connection
    raise NetmikoAuthenticationException(msg)
netmiko.exceptions.NetmikoAuthenticationException: Authentication to device failed.

Common causes of this problem are:
1. Invalid username and password
2. Incorrect SSH-key file
3. Connecting to the wrong device

Device settings: huawei 192.168.50.13:22


Authentication failed.

2026-03-23 20:29:32,967 - ERROR - Device SW1 - network_error: Subtask: netmiko_send_command (failed)

2026-03-23 20:29:33,419 - INFO - Authentication (password) successful!
2026-03-23 20:29:33,672 - INFO - Successfully backed up configuration for SW2
2026-03-23 20:29:34,438 - INFO - Authentication (password) successful!
2026-03-23 20:29:37,241 - INFO - Successfully backed up configuration for R1
2026-03-23 20:29:37,622 - INFO - Successfully backed up configuration for R2
2026-03-23 20:29:37,622 - INFO - Backup tasks completed.
2026-03-23 20:29:37,622 - INFO - Summary: Total devices: 4, Successful: 3, Failed: 1
2026-03-23 20:31:13,106 - INFO - Initializing Nornir...
2026-03-23 20:31:13,639 - INFO - Total devices to backup: 4
2026-03-23 20:31:13,640 - INFO - Starting configuration backup tasks...
2026-03-23 20:31:13,640 - INFO - Running task 'netdevice_start_conf_backup' with args {} on 4 hosts
2026-03-23 20:31:13,668 - INFO - Connected (version 1.99, client -)
2026-03-23 20:31:13,669 - INFO - Connected (version 1.99, client -)
2026-03-23 20:31:13,817 - INFO - Connected (version 1.99, client DOPRA-1.5)
2026-03-23 20:31:13,818 - INFO - Connected (version 1.99, client DOPRA-1.5)
2026-03-23 20:31:14,030 - INFO - Authentication (password) failed.
2026-03-23 20:31:14,033 - ERROR - Host 'SW1': task 'netmiko_send_command' failed with traceback:
Traceback (most recent call last):
  File "C:\python\netdevice_test\.venv\lib\site-packages\netmiko\base_connection.py", line 1146, in establish_connection
    self.remote_conn_pre.connect(**ssh_connect_params)
  File "C:\python\netdevice_test\.venv\lib\site-packages\paramiko\client.py", line 483, in connect
    self._auth(
  File "C:\python\netdevice_test\.venv\lib\site-packages\paramiko\client.py", line 814, in _auth
    raise saved_exception
  File "C:\python\netdevice_test\.venv\lib\site-packages\paramiko\client.py", line 801, in _auth
    self._transport.auth_password(username, password)
  File "C:\python\netdevice_test\.venv\lib\site-packages\paramiko\transport.py", line 1632, in auth_password
    return self.auth_handler.wait_for_response(my_event)
  File "C:\python\netdevice_test\.venv\lib\site-packages\paramiko\auth_handler.py", line 263, in wait_for_response
    raise e
paramiko.ssh_exception.AuthenticationException: Authentication failed.

During handling of the above exception, another exception occurred:

Traceback (most recent call last):
  File "C:\python\netdevice_test\.venv\lib\site-packages\nornir\core\task.py", line 98, in start
    r = self.task(self, **self.params)
  File "C:\python\netdevice_test\.venv\lib\site-packages\nornir_netmiko\tasks\netmiko_send_command.py", line 26, in netmiko_send_command
    net_connect = task.host.get_connection(CONNECTION_NAME, task.nornir.config)
  File "C:\python\netdevice_test\.venv\lib\site-packages\nornir\core\inventory.py", line 476, in get_connection
    self.open_connection(
  File "C:\python\netdevice_test\.venv\lib\site-packages\nornir\core\inventory.py", line 528, in open_connection
    conn_obj.open(
  File "C:\python\netdevice_test\.venv\lib\site-packages\nornir_netmiko\connections\netmiko.py", line 59, in open
    connection = ConnectHandler(**parameters)
  File "C:\python\netdevice_test\.venv\lib\site-packages\netmiko\ssh_dispatcher.py", line 460, in ConnectHandler
    return ConnectionClass(*args, **kwargs)
  File "C:\python\netdevice_test\.venv\lib\site-packages\netmiko\base_connection.py", line 495, in __init__
    self._open()
  File "C:\python\netdevice_test\.venv\lib\site-packages\netmiko\base_connection.py", line 500, in _open
    self.establish_connection()
  File "C:\python\netdevice_test\.venv\lib\site-packages\netmiko\base_connection.py", line 1183, in establish_connection
    raise NetmikoAuthenticationException(msg)
netmiko.exceptions.NetmikoAuthenticationException: Authentication to device failed.

Common causes of this problem are:
1. Invalid username and password
2. Incorrect SSH-key file
3. Connecting to the wrong device

Device settings: huawei 192.168.50.13:22


Authentication failed.

2026-03-23 20:31:14,033 - ERROR - Device SW1 - network_error: Subtask: netmiko_send_command (failed)

2026-03-23 20:31:14,125 - INFO - Authentication (password) successful!
2026-03-23 20:31:14,672 - INFO - Authentication (password) successful!
2026-03-23 20:31:14,838 - INFO - Successfully backed up configuration for SW2
2026-03-23 20:31:14,934 - INFO - Authentication (password) successful!
2026-03-23 20:31:18,200 - INFO - Successfully backed up configuration for R1
2026-03-23 20:31:18,745 - INFO - Successfully backed up configuration for R2
2026-03-23 20:31:18,745 - INFO - Backup tasks completed.
2026-03-23 20:31:18,745 - INFO - Summary: Total devices: 4, Successful: 3, Failed: 1
