
  -----------------------------------------------------------------------------     
  User last login information:     
  -----------------------------------------------------------------------------
  Access Type: SSH      
  IP-Address : 192.168.50.182 ssh     
  Time       : 2026-03-23 20:29:32-08:00     
  -----------------------------------------------------------------------------
<R1>
<R1>
<R1>screen-length 0 temporary
Info: The configuration takes effect on the current user terminal interface only.
<R1>
<R1>
<R1>
<R1>
<R1>tftp -a 192.168.50.12 192.168.50.182 vpn-instance mgt put vrpcfg.zip R1_2026-03-23.zip
Info: Transfer file in binary mode.
Uploading the file to the remote TFTP server. Please wait...
/
 42%     
\
 85%     
TFTP: Uploading the file successfully.
    1198 bytes send in 1 second.
<R1>